# JRE version: OpenJDK Runtime Environment (11.0.8+10) (build 11.0.8+10-b944.6842174)
# Java VM: OpenJDK 64-Bit Server VM (11.0.8+10-b944.6842174, mixed mode, tiered, compressed oops, g1 gc, windows-amd64)
Heap:
 garbage-first heap   total 372736K, used 109054K [0x0000000080000000, 0x0000000100000000)
  region size 1024K, 10 young (10240K), 10 survivors (10240K)
 Metaspace       used 80469K, capacity 82440K, committed 83100K, reserved 1122304K
  class space    used 10415K, capacity 11110K, committed 11340K, reserved 1048576K
GC Heap History (20 events):
Event: 19.451 GC heap after
{Heap after GC invocations=29 (full 0):
 garbage-first heap   total 189440K, used 101823K [0x0000000080000000, 0x0000000100000000)
  region size 1024K, 3 young (3072K), 3 survivors (3072K)
 Metaspace       used 79352K, capacity 81329K, committed 82076K, reserved 1120256K
  class space    used 10377K, capacity 11098K, committed 11340K, reserved 1048576K
}
Event: 19.849 GC heap before
{Heap before GC invocations=30 (full 0):
 garbage-first heap   total 189440K, used 156095K [0x0000000080000000, 0x0000000100000000)
  region size 1024K, 56 young (57344K), 3 survivors (3072K)
 Metaspace       used 79397K, capacity 81406K, committed 82076K, reserved 1120256K
  class space    used 10380K, capacity 11102K, committed 11340K, reserved 1048576K
}
Event: 19.857 GC heap after
{Heap after GC invocations=31 (full 0):
 garbage-first heap   total 189440K, used 101721K [0x0000000080000000, 0x0000000100000000)
  region size 1024K, 3 young (3072K), 3 survivors (3072K)
 Metaspace       used 79397K, capacity 81406K, committed 82076K, reserved 1120256K
  class space    used 10380K, capacity 11102K, committed 11340K, reserved 1048576K
}
Event: 20.052 GC heap before
{Heap before GC invocations=31 (full 0):
 garbage-first heap   total 189440K, used 157017K [0x0000000080000000, 0x0000000100000000)
  region size 1024K, 57 young (58368K), 3 survivors (3072K)
 Metaspace       used 79457K, capacity 81411K, committed 82076K, reserved 1120256K
  class space    used 10380K, capacity 11102K, committed 11340K, reserved 1048576K
}
Event: 20.063 GC heap after
{Heap after GC invocations=32 (full 0):
 garbage-first heap   total 227328K, used 102146K [0x0000000080000000, 0x0000000100000000)
  region size 1024K, 3 young (3072K), 3 survivors (3072K)
 Metaspace       used 79457K, capacity 81411K, committed 82076K, reserved 1120256K
  class space    used 10380K, capacity 11102K, committed 11340K, reserved 1048576K
}
Event: 20.508 GC heap before
{Heap before GC invocations=33 (full 0):
 garbage-first heap   total 227328K, used 178946K [0x0000000080000000, 0x0000000100000000)
  region size 1024K, 78 young (79872K), 3 survivors (3072K)
 Metaspace       used 79731K, capacity 81683K, committed 82332K, reserved 1120256K
  class space    used 10381K, capacity 11105K, committed 11340K, reserved 1048576K
}
Event: 20.519 GC heap after
{Heap after GC invocations=34 (full 0):
 garbage-first heap   total 227328K, used 102990K [0x0000000080000000, 0x0000000100000000)
  region size 1024K, 4 young (4096K), 4 survivors (4096K)
 Metaspace       used 79731K, capacity 81683K, committed 82332K, reserved 1120256K
  class space    used 10381K, capacity 11105K, committed 11340K, reserved 1048576K
}
Event: 20.744 GC heap before
{Heap before GC invocations=34 (full 0):
 garbage-first heap   total 227328K, used 180814K [0x0000000080000000, 0x0000000100000000)
  region size 1024K, 80 young (81920K), 4 survivors (4096K)
 Metaspace       used 79855K, capacity 81880K, committed 82588K, reserved 1120256K
  class space    used 10381K, capacity 11105K, committed 11340K, reserved 1048576K
}
Event: 20.753 GC heap after
{Heap after GC invocations=35 (full 0):
 garbage-first heap   total 227328K, used 103123K [0x0000000080000000, 0x0000000100000000)
  region size 1024K, 4 young (4096K), 4 survivors (4096K)
 Metaspace       used 79855K, capacity 81880K, committed 82588K, reserved 1120256K
  class space    used 10381K, capacity 11105K, committed 11340K, reserved 1048576K
}
Event: 21.018 GC heap before
{Heap before GC invocations=35 (full 0):
 garbage-first heap   total 227328K, used 181971K [0x0000000080000000, 0x0000000100000000)
  region size 1024K, 82 young (83968K), 4 survivors (4096K)
 Metaspace       used 80009K, capacity 82024K, committed 82588K, reserved 1120256K
  class space    used 10382K, capacity 11105K, committed 11340K, reserved 1048576K
}
Event: 21.029 GC heap after
{Heap after GC invocations=36 (full 0):
 garbage-first heap   total 227328K, used 104760K [0x0000000080000000, 0x0000000100000000)
  region size 1024K, 6 young (6144K), 6 survivors (6144K)
 Metaspace       used 80009K, capacity 82024K, committed 82588K, reserved 1120256K
  class space    used 10382K, capacity 11105K, committed 11340K, reserved 1048576K
}
Event: 21.276 GC heap before
{Heap before GC invocations=36 (full 0):
 garbage-first heap   total 227328K, used 184632K [0x0000000080000000, 0x0000000100000000)
  region size 1024K, 84 young (86016K), 6 survivors (6144K)
 Metaspace       used 80069K, capacity 82092K, committed 82588K, reserved 1120256K
  class space    used 10389K, capacity 11106K, committed 11340K, reserved 1048576K
}
Event: 21.293 GC heap after
{Heap after GC invocations=37 (full 0):
 garbage-first heap   total 273408K, used 105234K [0x0000000080000000, 0x0000000100000000)
  region size 1024K, 6 young (6144K), 6 survivors (6144K)
 Metaspace       used 80069K, capacity 82092K, committed 82588K, reserved 1120256K
  class space    used 10389K, capacity 11106K, committed 11340K, reserved 1048576K
}
Event: 21.587 GC heap before
{Heap before GC invocations=37 (full 0):
 garbage-first heap   total 273408K, used 201490K [0x0000000080000000, 0x0000000100000000)
  region size 1024K, 101 young (103424K), 6 survivors (6144K)
 Metaspace       used 80151K, capacity 82164K, committed 82844K, reserved 1120256K
  class space    used 10389K, capacity 11107K, committed 11340K, reserved 1048576K
}
Event: 21.600 GC heap after
{Heap after GC invocations=38 (full 0):
 garbage-first heap   total 273408K, used 105907K [0x0000000080000000, 0x0000000100000000)
  region size 1024K, 7 young (7168K), 7 survivors (7168K)
 Metaspace       used 80151K, capacity 82164K, committed 82844K, reserved 1120256K
  class space    used 10389K, capacity 11107K, committed 11340K, reserved 1048576K
}
Event: 21.913 GC heap before
{Heap before GC invocations=38 (full 0):
 garbage-first heap   total 273408K, used 229811K [0x0000000080000000, 0x0000000100000000)
  region size 1024K, 128 young (131072K), 7 survivors (7168K)
 Metaspace       used 80215K, capacity 82169K, committed 82844K, reserved 1120256K
  class space    used 10390K, capacity 11107K, committed 11340K, reserved 1048576K
}
Event: 21.927 GC heap after
{Heap after GC invocations=39 (full 0):
 garbage-first heap   total 273408K, used 106699K [0x0000000080000000, 0x0000000100000000)
  region size 1024K, 8 young (8192K), 8 survivors (8192K)
 Metaspace       used 80215K, capacity 82169K, committed 82844K, reserved 1120256K
  class space    used 10390K, capacity 11107K, committed 11340K, reserved 1048576K
}
Event: 22.205 GC heap before
{Heap before GC invocations=39 (full 0):
 garbage-first heap   total 273408K, used 231627K [0x0000000080000000, 0x0000000100000000)
  region size 1024K, 130 young (133120K), 8 survivors (8192K)
 Metaspace       used 80242K, capacity 82236K, committed 82844K, reserved 1120256K
  class space    used 10390K, capacity 11107K, committed 11340K, reserved 1048576K
}
Event: 22.220 GC heap after
{Heap after GC invocations=40 (full 0):
 garbage-first heap   total 273408K, used 107454K [0x0000000080000000, 0x0000000100000000)
  region size 1024K, 9 young (9216K), 9 survivors (9216K)
 Metaspace       used 80242K, capacity 82236K, committed 82844K, reserved 1120256K
  class space    used 10390K, capacity 11107K, committed 11340K, reserved 1048576K
}
Event: 22.539 GC heap before
{Heap before GC invocations=40 (full 0):
 garbage-first heap   total 273408K, used 233406K [0x0000000080000000, 0x0000000100000000)
  region size 1024K, 132 young (135168K), 9 survivors (9216K)
 Metaspace       used 80469K, capacity 82440K, committed 83100K, reserved 1122304K
  class space    used 10415K, capacity 11110K, committed 11340K, reserved 1048576K
}

