# JRE version: OpenJDK Runtime Environment (8.0_242-b01) (build 1.8.0_242-release-1644-b01)
# Java VM: OpenJDK 64-Bit Server VM (25.242-b01 mixed mode windows-amd64 compressed oops)
Heap:
 PSYoungGen      total 181760K, used 41637K [0x00000000d5580000, 0x00000000e2380000, 0x0000000100000000)
  eden space 163328K, 25% used [0x00000000d5580000,0x00000000d7e294e0,0x00000000df500000)
  from space 18432K, 0% used [0x00000000e0900000,0x00000000e0900000,0x00000000e1b00000)
  to   space 20480K, 0% used [0x00000000df500000,0x00000000df500000,0x00000000e0900000)
 ParOldGen       total 92672K, used 30689K [0x0000000080000000, 0x0000000085a80000, 0x00000000d5580000)
  object space 92672K, 33% used [0x0000000080000000,0x0000000081df8530,0x0000000085a80000)
 Metaspace       used 58747K, capacity 60894K, committed 61096K, reserved 1101824K
  class space    used 8094K, capacity 8590K, committed 8624K, reserved 1048576K
GC Heap History (10 events):
Event: 11.919 GC heap before
{Heap before GC invocations=11 (full 2):
 PSYoungGen      total 111616K, used 8754K [0x00000000d5580000, 0x00000000df200000, 0x0000000100000000)
  eden space 99328K, 0% used [0x00000000d5580000,0x00000000d5580000,0x00000000db680000)
  from space 12288K, 71% used [0x00000000db680000,0x00000000dbf0c900,0x00000000dc280000)
  to   space 12288K, 0% used [0x00000000de600000,0x00000000de600000,0x00000000df200000)
 ParOldGen       total 61952K, used 9115K [0x0000000080000000, 0x0000000083c80000, 0x00000000d5580000)
  object space 61952K, 14% used [0x0000000080000000,0x00000000808e6fa0,0x0000000083c80000)
 Metaspace       used 34582K, capacity 35394K, committed 35496K, reserved 1079296K
  class space    used 4745K, capacity 4972K, committed 5040K, reserved 1048576K
Event: 12.003 GC heap after
Heap after GC invocations=11 (full 2):
 PSYoungGen      total 111616K, used 0K [0x00000000d5580000, 0x00000000df200000, 0x0000000100000000)
  eden space 99328K, 0% used [0x00000000d5580000,0x00000000d5580000,0x00000000db680000)
  from space 12288K, 0% used [0x00000000db680000,0x00000000db680000,0x00000000dc280000)
  to   space 12288K, 0% used [0x00000000de600000,0x00000000de600000,0x00000000df200000)
 ParOldGen       total 92672K, used 15383K [0x0000000080000000, 0x0000000085a80000, 0x00000000d5580000)
  object space 92672K, 16% used [0x0000000080000000,0x0000000080f05e38,0x0000000085a80000)
 Metaspace       used 34582K, capacity 35394K, committed 35496K, reserved 1079296K
  class space    used 4745K, capacity 4972K, committed 5040K, reserved 1048576K
}
Event: 14.534 GC heap before
{Heap before GC invocations=12 (full 2):
 PSYoungGen      total 111616K, used 99328K [0x00000000d5580000, 0x00000000df200000, 0x0000000100000000)
  eden space 99328K, 100% used [0x00000000d5580000,0x00000000db680000,0x00000000db680000)
  from space 12288K, 0% used [0x00000000db680000,0x00000000db680000,0x00000000dc280000)
  to   space 12288K, 0% used [0x00000000de600000,0x00000000de600000,0x00000000df200000)
 ParOldGen       total 92672K, used 15383K [0x0000000080000000, 0x0000000085a80000, 0x00000000d5580000)
  object space 92672K, 16% used [0x0000000080000000,0x0000000080f05e38,0x0000000085a80000)
 Metaspace       used 43056K, capacity 44524K, committed 44712K, reserved 1087488K
  class space    used 5847K, capacity 6198K, committed 6320K, reserved 1048576K
Event: 14.565 GC heap after
Heap after GC invocations=12 (full 2):
 PSYoungGen      total 141312K, used 12105K [0x00000000d5580000, 0x00000000df200000, 0x0000000100000000)
  eden space 129024K, 0% used [0x00000000d5580000,0x00000000d5580000,0x00000000dd380000)
  from space 12288K, 98% used [0x00000000de600000,0x00000000df1d26a8,0x00000000df200000)
  to   space 13824K, 0% used [0x00000000dd700000,0x00000000dd700000,0x00000000de480000)
 ParOldGen       total 92672K, used 15391K [0x0000000080000000, 0x0000000085a80000, 0x00000000d5580000)
  object space 92672K, 16% used [0x0000000080000000,0x0000000080f07e38,0x0000000085a80000)
 Metaspace       used 43056K, capacity 44524K, committed 44712K, reserved 1087488K
  class space    used 5847K, capacity 6198K, committed 6320K, reserved 1048576K
}
Event: 17.707 GC heap before
{Heap before GC invocations=13 (full 2):
 PSYoungGen      total 141312K, used 141129K [0x00000000d5580000, 0x00000000df200000, 0x0000000100000000)
  eden space 129024K, 100% used [0x00000000d5580000,0x00000000dd380000,0x00000000dd380000)
  from space 12288K, 98% used [0x00000000de600000,0x00000000df1d26a8,0x00000000df200000)
  to   space 13824K, 0% used [0x00000000dd700000,0x00000000dd700000,0x00000000de480000)
 ParOldGen       total 92672K, used 15391K [0x0000000080000000, 0x0000000085a80000, 0x00000000d5580000)
  object space 92672K, 16% used [0x0000000080000000,0x0000000080f07e38,0x0000000085a80000)
 Metaspace       used 54100K, capacity 56086K, committed 56232K, reserved 1097728K
  class space    used 7371K, capacity 7818K, committed 7856K, reserved 1048576K
Event: 17.736 GC heap after
Heap after GC invocations=13 (full 2):
 PSYoungGen      total 146432K, used 13820K [0x00000000d5580000, 0x00000000e1b00000, 0x0000000100000000)
  eden space 132608K, 0% used [0x00000000d5580000,0x00000000d5580000,0x00000000dd700000)
  from space 13824K, 99% used [0x00000000dd700000,0x00000000de47f320,0x00000000de480000)
  to   space 18432K, 0% used [0x00000000e0900000,0x00000000e0900000,0x00000000e1b00000)
 ParOldGen       total 92672K, used 23673K [0x0000000080000000, 0x0000000085a80000, 0x00000000d5580000)
  object space 92672K, 25% used [0x0000000080000000,0x000000008171e498,0x0000000085a80000)
 Metaspace       used 54100K, capacity 56086K, committed 56232K, reserved 1097728K
  class space    used 7371K, capacity 7818K, committed 7856K, reserved 1048576K
}
Event: 19.828 GC heap before
{Heap before GC invocations=14 (full 2):
 PSYoungGen      total 146432K, used 52388K [0x00000000d5580000, 0x00000000e1b00000, 0x0000000100000000)
  eden space 132608K, 29% used [0x00000000d5580000,0x00000000d7b29dd0,0x00000000dd700000)
  from space 13824K, 99% used [0x00000000dd700000,0x00000000de47f320,0x00000000de480000)
  to   space 18432K, 0% used [0x00000000e0900000,0x00000000e0900000,0x00000000e1b00000)
 ParOldGen       total 92672K, used 23673K [0x0000000080000000, 0x0000000085a80000, 0x00000000d5580000)
  object space 92672K, 25% used [0x0000000080000000,0x000000008171e498,0x0000000085a80000)
 Metaspace       used 57057K, capacity 59036K, committed 59160K, reserved 1099776K
  class space    used 7828K, capacity 8293K, committed 8368K, reserved 1048576K
Event: 19.853 GC heap after
Heap after GC invocations=14 (full 2):
 PSYoungGen      total 181760K, used 17412K [0x00000000d5580000, 0x00000000e2380000, 0x0000000100000000)
  eden space 163328K, 0% used [0x00000000d5580000,0x00000000d5580000,0x00000000df500000)
  from space 18432K, 94% used [0x00000000e0900000,0x00000000e1a01258,0x00000000e1b00000)
  to   space 20480K, 0% used [0x00000000df500000,0x00000000df500000,0x00000000e0900000)
 ParOldGen       total 92672K, used 23681K [0x0000000080000000, 0x0000000085a80000, 0x00000000d5580000)
  object space 92672K, 25% used [0x0000000080000000,0x0000000081720498,0x0000000085a80000)
 Metaspace       used 57057K, capacity 59036K, committed 59160K, reserved 1099776K
  class space    used 7828K, capacity 8293K, committed 8368K, reserved 1048576K
}
Event: 19.853 GC heap before
{Heap before GC invocations=15 (full 3):
 PSYoungGen      total 181760K, used 17412K [0x00000000d5580000, 0x00000000e2380000, 0x0000000100000000)
  eden space 163328K, 0% used [0x00000000d5580000,0x00000000d5580000,0x00000000df500000)
  from space 18432K, 94% used [0x00000000e0900000,0x00000000e1a01258,0x00000000e1b00000)
  to   space 20480K, 0% used [0x00000000df500000,0x00000000df500000,0x00000000e0900000)
 ParOldGen       total 92672K, used 23681K [0x0000000080000000, 0x0000000085a80000, 0x00000000d5580000)
  object space 92672K, 25% used [0x0000000080000000,0x0000000081720498,0x0000000085a80000)
 Metaspace       used 57057K, capacity 59036K, committed 59160K, reserved 1099776K
  class space    used 7828K, capacity 8293K, committed 8368K, reserved 1048576K
Event: 20.285 GC heap after
Heap after GC invocations=15 (full 3):
 PSYoungGen      total 181760K, used 0K [0x00000000d5580000, 0x00000000e2380000, 0x0000000100000000)
  eden space 163328K, 0% used [0x00000000d5580000,0x00000000d5580000,0x00000000df500000)
  from space 18432K, 0% used [0x00000000e0900000,0x00000000e0900000,0x00000000e1b00000)
  to   space 20480K, 0% used [0x00000000df500000,0x00000000df500000,0x00000000e0900000)
 ParOldGen       total 92672K, used 30689K [0x0000000080000000, 0x0000000085a80000, 0x00000000d5580000)
  object space 92672K, 33% used [0x0000000080000000,0x0000000081df8530,0x0000000085a80000)
 Metaspace       used 57026K, capacity 58928K, committed 59160K, reserved 1099776K
  class space    used 7819K, capacity 8275K, committed 8368K, reserved 1048576K
}

