# JRE version: OpenJDK Runtime Environment (11.0.8+10) (build 11.0.8+10-b944.6842174)
# Java VM: OpenJDK 64-Bit Server VM (11.0.8+10-b944.6842174, mixed mode, tiered, compressed oops, g1 gc, windows-amd64)
Heap:
 garbage-first heap   total 406528K, used 137816K [0x0000000080000000, 0x0000000100000000)
  region size 1024K, 9 young (9216K), 9 survivors (9216K)
 Metaspace       used 128765K, capacity 132760K, committed 133032K, reserved 1165312K
  class space    used 15814K, capacity 17086K, committed 17152K, reserved 1048576K
GC Heap History (20 events):
Event: 464.208 GC heap after
{Heap after GC invocations=65 (full 0):
 garbage-first heap   total 195584K, used 123885K [0x0000000080000000, 0x0000000100000000)
  region size 1024K, 3 young (3072K), 3 survivors (3072K)
 Metaspace       used 127945K, capacity 131900K, committed 132008K, reserved 1165312K
  class space    used 15809K, capacity 17080K, committed 17152K, reserved 1048576K
}
Event: 464.375 GC heap before
{Heap before GC invocations=65 (full 0):
 garbage-first heap   total 195584K, used 167917K [0x0000000080000000, 0x0000000100000000)
  region size 1024K, 47 young (48128K), 3 survivors (3072K)
 Metaspace       used 128083K, capacity 132033K, committed 132264K, reserved 1165312K
  class space    used 15809K, capacity 17080K, committed 17152K, reserved 1048576K
}
Event: 464.378 GC heap after
{Heap after GC invocations=66 (full 0):
 garbage-first heap   total 195584K, used 124963K [0x0000000080000000, 0x0000000100000000)
  region size 1024K, 4 young (4096K), 4 survivors (4096K)
 Metaspace       used 128083K, capacity 132033K, committed 132264K, reserved 1165312K
  class space    used 15809K, capacity 17080K, committed 17152K, reserved 1048576K
}
Event: 464.526 GC heap before
{Heap before GC invocations=66 (full 0):
 garbage-first heap   total 195584K, used 168995K [0x0000000080000000, 0x0000000100000000)
  region size 1024K, 47 young (48128K), 4 survivors (4096K)
 Metaspace       used 128195K, capacity 132165K, committed 132264K, reserved 1165312K
  class space    used 15809K, capacity 17080K, committed 17152K, reserved 1048576K
}
Event: 464.534 GC heap after
{Heap after GC invocations=67 (full 0):
 garbage-first heap   total 235520K, used 126379K [0x0000000080000000, 0x0000000100000000)
  region size 1024K, 5 young (5120K), 5 survivors (5120K)
 Metaspace       used 128195K, capacity 132165K, committed 132264K, reserved 1165312K
  class space    used 15809K, capacity 17080K, committed 17152K, reserved 1048576K
}
Event: 464.743 GC heap before
{Heap before GC invocations=67 (full 0):
 garbage-first heap   total 235520K, used 193963K [0x0000000080000000, 0x0000000100000000)
  region size 1024K, 71 young (72704K), 5 survivors (5120K)
 Metaspace       used 128279K, capacity 132234K, committed 132520K, reserved 1165312K
  class space    used 15809K, capacity 17080K, committed 17152K, reserved 1048576K
}
Event: 464.749 GC heap after
{Heap after GC invocations=68 (full 0):
 garbage-first heap   total 235520K, used 126567K [0x0000000080000000, 0x0000000100000000)
  region size 1024K, 5 young (5120K), 5 survivors (5120K)
 Metaspace       used 128279K, capacity 132234K, committed 132520K, reserved 1165312K
  class space    used 15809K, capacity 17080K, committed 17152K, reserved 1048576K
}
Event: 464.924 GC heap before
{Heap before GC invocations=68 (full 0):
 garbage-first heap   total 235520K, used 194151K [0x0000000080000000, 0x0000000100000000)
  region size 1024K, 72 young (73728K), 5 survivors (5120K)
 Metaspace       used 128329K, capacity 132307K, committed 132520K, reserved 1165312K
  class space    used 15810K, capacity 17081K, committed 17152K, reserved 1048576K
}
Event: 464.931 GC heap after
{Heap after GC invocations=69 (full 0):
 garbage-first heap   total 235520K, used 126523K [0x0000000080000000, 0x0000000100000000)
  region size 1024K, 5 young (5120K), 5 survivors (5120K)
 Metaspace       used 128329K, capacity 132307K, committed 132520K, reserved 1165312K
  class space    used 15810K, capacity 17081K, committed 17152K, reserved 1048576K
}
Event: 465.124 GC heap before
{Heap before GC invocations=69 (full 0):
 garbage-first heap   total 235520K, used 196155K [0x0000000080000000, 0x0000000100000000)
  region size 1024K, 74 young (75776K), 5 survivors (5120K)
 Metaspace       used 128392K, capacity 132317K, committed 132520K, reserved 1165312K
  class space    used 15810K, capacity 17081K, committed 17152K, reserved 1048576K
}
Event: 465.132 GC heap after
{Heap after GC invocations=70 (full 0):
 garbage-first heap   total 235520K, used 128822K [0x0000000080000000, 0x0000000100000000)
  region size 1024K, 7 young (7168K), 7 survivors (7168K)
 Metaspace       used 128392K, capacity 132317K, committed 132520K, reserved 1165312K
  class space    used 15810K, capacity 17081K, committed 17152K, reserved 1048576K
}
Event: 465.285 GC heap before
{Heap before GC invocations=70 (full 0):
 garbage-first heap   total 235520K, used 197430K [0x0000000080000000, 0x0000000100000000)
  region size 1024K, 75 young (76800K), 7 survivors (7168K)
 Metaspace       used 128436K, capacity 132396K, committed 132520K, reserved 1165312K
  class space    used 15811K, capacity 17083K, committed 17152K, reserved 1048576K
}
Event: 465.294 GC heap after
{Heap after GC invocations=71 (full 0):
 garbage-first heap   total 289792K, used 129583K [0x0000000080000000, 0x0000000100000000)
  region size 1024K, 7 young (7168K), 7 survivors (7168K)
 Metaspace       used 128436K, capacity 132396K, committed 132520K, reserved 1165312K
  class space    used 15811K, capacity 17083K, committed 17152K, reserved 1048576K
}
Event: 465.601 GC heap before
{Heap before GC invocations=71 (full 0):
 garbage-first heap   total 289792K, used 234031K [0x0000000080000000, 0x0000000100000000)
  region size 1024K, 109 young (111616K), 7 survivors (7168K)
 Metaspace       used 128496K, capacity 132467K, committed 132776K, reserved 1165312K
  class space    used 15811K, capacity 17084K, committed 17152K, reserved 1048576K
}
Event: 465.609 GC heap after
{Heap after GC invocations=72 (full 0):
 garbage-first heap   total 289792K, used 131683K [0x0000000080000000, 0x0000000100000000)
  region size 1024K, 9 young (9216K), 9 survivors (9216K)
 Metaspace       used 128496K, capacity 132467K, committed 132776K, reserved 1165312K
  class space    used 15811K, capacity 17084K, committed 17152K, reserved 1048576K
}
Event: 465.895 GC heap before
{Heap before GC invocations=72 (full 0):
 garbage-first heap   total 289792K, used 239203K [0x0000000080000000, 0x0000000100000000)
  region size 1024K, 115 young (117760K), 9 survivors (9216K)
 Metaspace       used 128590K, capacity 132543K, committed 132776K, reserved 1165312K
  class space    used 15811K, capacity 17084K, committed 17152K, reserved 1048576K
}
Event: 465.908 GC heap after
{Heap after GC invocations=73 (full 0):
 garbage-first heap   total 289792K, used 135046K [0x0000000080000000, 0x0000000100000000)
  region size 1024K, 12 young (12288K), 12 survivors (12288K)
 Metaspace       used 128590K, capacity 132543K, committed 132776K, reserved 1165312K
  class space    used 15811K, capacity 17084K, committed 17152K, reserved 1048576K
}
Event: 466.222 GC heap before
{Heap before GC invocations=73 (full 0):
 garbage-first heap   total 289792K, used 241542K [0x0000000080000000, 0x0000000100000000)
  region size 1024K, 116 young (118784K), 12 survivors (12288K)
 Metaspace       used 128670K, capacity 132620K, committed 132776K, reserved 1165312K
  class space    used 15814K, capacity 17086K, committed 17152K, reserved 1048576K
}
Event: 466.238 GC heap after
{Heap after GC invocations=74 (full 0):
 garbage-first heap   total 289792K, used 136038K [0x0000000080000000, 0x0000000100000000)
  region size 1024K, 7 young (7168K), 7 survivors (7168K)
 Metaspace       used 128670K, capacity 132620K, committed 132776K, reserved 1165312K
  class space    used 15814K, capacity 17086K, committed 17152K, reserved 1048576K
}
Event: 466.536 GC heap before
{Heap before GC invocations=74 (full 0):
 garbage-first heap   total 289792K, used 243558K [0x0000000080000000, 0x0000000100000000)
  region size 1024K, 113 young (115712K), 7 survivors (7168K)
 Metaspace       used 128765K, capacity 132760K, committed 133032K, reserved 1165312K
  class space    used 15814K, capacity 17086K, committed 17152K, reserved 1048576K
}

