# JRE version: OpenJDK Runtime Environment (11.0.8+10) (build 11.0.8+10-b944.6842174)
# Java VM: OpenJDK 64-Bit Server VM (11.0.8+10-b944.6842174, mixed mode, tiered, compressed oops, g1 gc, windows-amd64)
Heap:
 garbage-first heap   total 328704K, used 108791K [0x0000000080000000, 0x0000000100000000)
  region size 1024K, 9 young (9216K), 9 survivors (9216K)
 Metaspace       used 80890K, capacity 82947K, committed 83740K, reserved 1122304K
  class space    used 10464K, capacity 11227K, committed 11468K, reserved 1048576K
GC Heap History (20 events):
Event: 18.122 GC heap after
{Heap after GC invocations=29 (full 0):
 garbage-first heap   total 227328K, used 99590K [0x0000000080000000, 0x0000000100000000)
  region size 1024K, 3 young (3072K), 3 survivors (3072K)
 Metaspace       used 79886K, capacity 81909K, committed 82716K, reserved 1120256K
  class space    used 10448K, capacity 11179K, committed 11468K, reserved 1048576K
}
Event: 18.504 GC heap before
{Heap before GC invocations=29 (full 0):
 garbage-first heap   total 227328K, used 170246K [0x0000000080000000, 0x0000000100000000)
  region size 1024K, 72 young (73728K), 3 survivors (3072K)
 Metaspace       used 79913K, capacity 81986K, committed 82716K, reserved 1120256K
  class space    used 10450K, capacity 11183K, committed 11468K, reserved 1048576K
}
Event: 18.512 GC heap after
{Heap after GC invocations=30 (full 0):
 garbage-first heap   total 227328K, used 100273K [0x0000000080000000, 0x0000000100000000)
  region size 1024K, 4 young (4096K), 4 survivors (4096K)
 Metaspace       used 79913K, capacity 81986K, committed 82716K, reserved 1120256K
  class space    used 10450K, capacity 11183K, committed 11468K, reserved 1048576K
}
Event: 18.830 GC heap before
{Heap before GC invocations=30 (full 0):
 garbage-first heap   total 227328K, used 172977K [0x0000000080000000, 0x0000000100000000)
  region size 1024K, 76 young (77824K), 4 survivors (4096K)
 Metaspace       used 80023K, capacity 82067K, committed 82972K, reserved 1120256K
  class space    used 10452K, capacity 11186K, committed 11468K, reserved 1048576K
}
Event: 18.838 GC heap after
{Heap after GC invocations=31 (full 0):
 garbage-first heap   total 227328K, used 100680K [0x0000000080000000, 0x0000000100000000)
  region size 1024K, 4 young (4096K), 4 survivors (4096K)
 Metaspace       used 80023K, capacity 82067K, committed 82972K, reserved 1120256K
  class space    used 10452K, capacity 11186K, committed 11468K, reserved 1048576K
}
Event: 19.104 GC heap before
{Heap before GC invocations=31 (full 0):
 garbage-first heap   total 227328K, used 176456K [0x0000000080000000, 0x0000000100000000)
  region size 1024K, 79 young (80896K), 4 survivors (4096K)
 Metaspace       used 80196K, capacity 82272K, committed 82972K, reserved 1120256K
  class space    used 10454K, capacity 11189K, committed 11468K, reserved 1048576K
}
Event: 19.114 GC heap after
{Heap after GC invocations=32 (full 0):
 garbage-first heap   total 227328K, used 105395K [0x0000000080000000, 0x0000000100000000)
  region size 1024K, 9 young (9216K), 9 survivors (9216K)
 Metaspace       used 80196K, capacity 82272K, committed 82972K, reserved 1120256K
  class space    used 10454K, capacity 11189K, committed 11468K, reserved 1048576K
}
Event: 19.351 GC heap before
{Heap before GC invocations=32 (full 0):
 garbage-first heap   total 227328K, used 181171K [0x0000000080000000, 0x0000000100000000)
  region size 1024K, 83 young (84992K), 9 survivors (9216K)
 Metaspace       used 80421K, capacity 82474K, committed 83228K, reserved 1122304K
  class space    used 10454K, capacity 11190K, committed 11468K, reserved 1048576K
}
Event: 19.360 GC heap after
{Heap after GC invocations=33 (full 0):
 garbage-first heap   total 227328K, used 104421K [0x0000000080000000, 0x0000000100000000)
  region size 1024K, 5 young (5120K), 5 survivors (5120K)
 Metaspace       used 80421K, capacity 82474K, committed 83228K, reserved 1122304K
  class space    used 10454K, capacity 11190K, committed 11468K, reserved 1048576K
}
Event: 19.648 GC heap before
{Heap before GC invocations=33 (full 0):
 garbage-first heap   total 227328K, used 182245K [0x0000000080000000, 0x0000000100000000)
  region size 1024K, 81 young (82944K), 5 survivors (5120K)
 Metaspace       used 80607K, capacity 82684K, committed 83484K, reserved 1122304K
  class space    used 10455K, capacity 11190K, committed 11468K, reserved 1048576K
}
Event: 19.655 GC heap after
{Heap after GC invocations=34 (full 0):
 garbage-first heap   total 227328K, used 104589K [0x0000000080000000, 0x0000000100000000)
  region size 1024K, 5 young (5120K), 5 survivors (5120K)
 Metaspace       used 80607K, capacity 82684K, committed 83484K, reserved 1122304K
  class space    used 10455K, capacity 11190K, committed 11468K, reserved 1048576K
}
Event: 19.895 GC heap before
{Heap before GC invocations=34 (full 0):
 garbage-first heap   total 227328K, used 184461K [0x0000000080000000, 0x0000000100000000)
  region size 1024K, 84 young (86016K), 5 survivors (5120K)
 Metaspace       used 80666K, capacity 82753K, committed 83484K, reserved 1122304K
  class space    used 10455K, capacity 11190K, committed 11468K, reserved 1048576K
}
Event: 19.908 GC heap after
{Heap after GC invocations=35 (full 0):
 garbage-first heap   total 273408K, used 105399K [0x0000000080000000, 0x0000000100000000)
  region size 1024K, 6 young (6144K), 6 survivors (6144K)
 Metaspace       used 80666K, capacity 82753K, committed 83484K, reserved 1122304K
  class space    used 10455K, capacity 11190K, committed 11468K, reserved 1048576K
}
Event: 20.179 GC heap before
{Heap before GC invocations=35 (full 0):
 garbage-first heap   total 273408K, used 200631K [0x0000000080000000, 0x0000000100000000)
  region size 1024K, 99 young (101376K), 6 survivors (6144K)
 Metaspace       used 80752K, capacity 82858K, committed 83484K, reserved 1122304K
  class space    used 10462K, capacity 11223K, committed 11468K, reserved 1048576K
}
Event: 20.188 GC heap after
{Heap after GC invocations=36 (full 0):
 garbage-first heap   total 273408K, used 106768K [0x0000000080000000, 0x0000000100000000)
  region size 1024K, 7 young (7168K), 7 survivors (7168K)
 Metaspace       used 80752K, capacity 82858K, committed 83484K, reserved 1122304K
  class space    used 10462K, capacity 11223K, committed 11468K, reserved 1048576K
}
Event: 20.500 GC heap before
{Heap before GC invocations=36 (full 0):
 garbage-first heap   total 273408K, used 214288K [0x0000000080000000, 0x0000000100000000)
  region size 1024K, 112 young (114688K), 7 survivors (7168K)
 Metaspace       used 80808K, capacity 82873K, committed 83484K, reserved 1122304K
  class space    used 10463K, capacity 11225K, committed 11468K, reserved 1048576K
}
Event: 20.510 GC heap after
{Heap after GC invocations=37 (full 0):
 garbage-first heap   total 273408K, used 106607K [0x0000000080000000, 0x0000000100000000)
  region size 1024K, 7 young (7168K), 7 survivors (7168K)
 Metaspace       used 80808K, capacity 82873K, committed 83484K, reserved 1122304K
  class space    used 10463K, capacity 11225K, committed 11468K, reserved 1048576K
}
Event: 20.808 GC heap before
{Heap before GC invocations=37 (full 0):
 garbage-first heap   total 273408K, used 218223K [0x0000000080000000, 0x0000000100000000)
  region size 1024K, 117 young (119808K), 7 survivors (7168K)
 Metaspace       used 80849K, capacity 82940K, committed 83740K, reserved 1122304K
  class space    used 10464K, capacity 11226K, committed 11468K, reserved 1048576K
}
Event: 20.820 GC heap after
{Heap after GC invocations=38 (full 0):
 garbage-first heap   total 273408K, used 107809K [0x0000000080000000, 0x0000000100000000)
  region size 1024K, 8 young (8192K), 8 survivors (8192K)
 Metaspace       used 80849K, capacity 82940K, committed 83740K, reserved 1122304K
  class space    used 10464K, capacity 11226K, committed 11468K, reserved 1048576K
}
Event: 21.202 GC heap before
{Heap before GC invocations=38 (full 0):
 garbage-first heap   total 273408K, used 225569K [0x0000000080000000, 0x0000000100000000)
  region size 1024K, 123 young (125952K), 8 survivors (8192K)
 Metaspace       used 80890K, capacity 82947K, committed 83740K, reserved 1122304K
  class space    used 10464K, capacity 11227K, committed 11468K, reserved 1048576K
}

