# JRE version: OpenJDK Runtime Environment (8.0_242-b01) (build 1.8.0_242-release-1644-b01)
# Java VM: OpenJDK 64-Bit Server VM (25.242-b01 mixed mode windows-amd64 compressed oops)
Heap:
 PSYoungGen      total 153088K, used 92835K [0x00000000d5580000, 0x00000000dff80000, 0x0000000100000000)
  eden space 140800K, 65% used [0x00000000d5580000,0x00000000db028d18,0x00000000ddf00000)
  from space 12288K, 0% used [0x00000000df380000,0x00000000df380000,0x00000000dff80000)
  to   space 14336K, 0% used [0x00000000de380000,0x00000000de380000,0x00000000df180000)
 ParOldGen       total 85504K, used 29303K [0x0000000080000000, 0x0000000085380000, 0x00000000d5580000)
  object space 85504K, 34% used [0x0000000080000000,0x0000000081c9dcd8,0x0000000085380000)
 Metaspace       used 60689K, capacity 63852K, committed 63912K, reserved 1103872K
  class space    used 8454K, capacity 9093K, committed 9136K, reserved 1048576K
GC Heap History (10 events):
Event: 9.939 GC heap before
{Heap before GC invocations=11 (full 2):
 PSYoungGen      total 119808K, used 8875K [0x00000000d5580000, 0x00000000dff80000, 0x0000000100000000)
  eden space 107520K, 0% used [0x00000000d5580000,0x00000000d5580000,0x00000000dbe80000)
  from space 12288K, 72% used [0x00000000dbe80000,0x00000000dc72adb8,0x00000000dca80000)
  to   space 12288K, 0% used [0x00000000df380000,0x00000000df380000,0x00000000dff80000)
 ParOldGen       total 58368K, used 9100K [0x0000000080000000, 0x0000000083900000, 0x00000000d5580000)
  object space 58368K, 15% used [0x0000000080000000,0x00000000808e3260,0x0000000083900000)
 Metaspace       used 34591K, capacity 35398K, committed 35496K, reserved 1079296K
  class space    used 4743K, capacity 4972K, committed 5040K, reserved 1048576K
Event: 10.008 GC heap after
Heap after GC invocations=11 (full 2):
 PSYoungGen      total 119808K, used 0K [0x00000000d5580000, 0x00000000dff80000, 0x0000000100000000)
  eden space 107520K, 0% used [0x00000000d5580000,0x00000000d5580000,0x00000000dbe80000)
  from space 12288K, 0% used [0x00000000dbe80000,0x00000000dbe80000,0x00000000dca80000)
  to   space 12288K, 0% used [0x00000000df380000,0x00000000df380000,0x00000000dff80000)
 ParOldGen       total 85504K, used 15440K [0x0000000080000000, 0x0000000085380000, 0x00000000d5580000)
  object space 85504K, 18% used [0x0000000080000000,0x0000000080f14210,0x0000000085380000)
 Metaspace       used 34591K, capacity 35398K, committed 35496K, reserved 1079296K
  class space    used 4743K, capacity 4972K, committed 5040K, reserved 1048576K
}
Event: 12.389 GC heap before
{Heap before GC invocations=12 (full 2):
 PSYoungGen      total 119808K, used 107520K [0x00000000d5580000, 0x00000000dff80000, 0x0000000100000000)
  eden space 107520K, 100% used [0x00000000d5580000,0x00000000dbe80000,0x00000000dbe80000)
  from space 12288K, 0% used [0x00000000dbe80000,0x00000000dbe80000,0x00000000dca80000)
  to   space 12288K, 0% used [0x00000000df380000,0x00000000df380000,0x00000000dff80000)
 ParOldGen       total 85504K, used 15440K [0x0000000080000000, 0x0000000085380000, 0x00000000d5580000)
  object space 85504K, 18% used [0x0000000080000000,0x0000000080f14210,0x0000000085380000)
 Metaspace       used 44291K, capacity 45768K, committed 46120K, reserved 1089536K
  class space    used 5992K, capacity 6332K, committed 6448K, reserved 1048576K
Event: 12.410 GC heap after
Heap after GC invocations=12 (full 2):
 PSYoungGen      total 153088K, used 12265K [0x00000000d5580000, 0x00000000dff80000, 0x0000000100000000)
  eden space 140800K, 0% used [0x00000000d5580000,0x00000000d5580000,0x00000000ddf00000)
  from space 12288K, 99% used [0x00000000df380000,0x00000000dff7a568,0x00000000dff80000)
  to   space 14336K, 0% used [0x00000000de380000,0x00000000de380000,0x00000000df180000)
 ParOldGen       total 85504K, used 16667K [0x0000000080000000, 0x0000000085380000, 0x00000000d5580000)
  object space 85504K, 19% used [0x0000000080000000,0x0000000081046cc8,0x0000000085380000)
 Metaspace       used 44291K, capacity 45768K, committed 46120K, reserved 1089536K
  class space    used 5992K, capacity 6332K, committed 6448K, reserved 1048576K
}
Event: 15.658 GC heap before
{Heap before GC invocations=13 (full 2):
 PSYoungGen      total 153088K, used 153065K [0x00000000d5580000, 0x00000000dff80000, 0x0000000100000000)
  eden space 140800K, 100% used [0x00000000d5580000,0x00000000ddf00000,0x00000000ddf00000)
  from space 12288K, 99% used [0x00000000df380000,0x00000000dff7a568,0x00000000dff80000)
  to   space 14336K, 0% used [0x00000000de380000,0x00000000de380000,0x00000000df180000)
 ParOldGen       total 85504K, used 16667K [0x0000000080000000, 0x0000000085380000, 0x00000000d5580000)
  object space 85504K, 19% used [0x0000000080000000,0x0000000081046cc8,0x0000000085380000)
 Metaspace       used 55713K, capacity 57710K, committed 57768K, reserved 1099776K
  class space    used 7630K, capacity 8076K, committed 8112K, reserved 1048576K
Event: 15.689 GC heap after
Heap after GC invocations=13 (full 2):
 PSYoungGen      total 155136K, used 14325K [0x00000000d5580000, 0x00000000dff80000, 0x0000000100000000)
  eden space 140800K, 0% used [0x00000000d5580000,0x00000000d5580000,0x00000000ddf00000)
  from space 14336K, 99% used [0x00000000de380000,0x00000000df17d440,0x00000000df180000)
  to   space 12288K, 0% used [0x00000000df380000,0x00000000df380000,0x00000000dff80000)
 ParOldGen       total 85504K, used 26221K [0x0000000080000000, 0x0000000085380000, 0x00000000d5580000)
  object space 85504K, 30% used [0x0000000080000000,0x000000008199b440,0x0000000085380000)
 Metaspace       used 55713K, capacity 57710K, committed 57768K, reserved 1099776K
  class space    used 7630K, capacity 8076K, committed 8112K, reserved 1048576K
}
Event: 16.212 GC heap before
{Heap before GC invocations=14 (full 2):
 PSYoungGen      total 155136K, used 32981K [0x00000000d5580000, 0x00000000dff80000, 0x0000000100000000)
  eden space 140800K, 13% used [0x00000000d5580000,0x00000000d67b81e0,0x00000000ddf00000)
  from space 14336K, 99% used [0x00000000de380000,0x00000000df17d440,0x00000000df180000)
  to   space 12288K, 0% used [0x00000000df380000,0x00000000df380000,0x00000000dff80000)
 ParOldGen       total 85504K, used 26221K [0x0000000080000000, 0x0000000085380000, 0x00000000d5580000)
  object space 85504K, 30% used [0x0000000080000000,0x000000008199b440,0x0000000085380000)
 Metaspace       used 57008K, capacity 59040K, committed 59160K, reserved 1099776K
  class space    used 7826K, capacity 8293K, committed 8368K, reserved 1048576K
Event: 16.230 GC heap after
Heap after GC invocations=14 (full 2):
 PSYoungGen      total 153088K, used 1831K [0x00000000d5580000, 0x00000000dff80000, 0x0000000100000000)
  eden space 140800K, 0% used [0x00000000d5580000,0x00000000d5580000,0x00000000ddf00000)
  from space 12288K, 14% used [0x00000000df380000,0x00000000df549ca8,0x00000000dff80000)
  to   space 14336K, 0% used [0x00000000de380000,0x00000000de380000,0x00000000df180000)
 ParOldGen       total 85504K, used 35119K [0x0000000080000000, 0x0000000085380000, 0x00000000d5580000)
  object space 85504K, 41% used [0x0000000080000000,0x000000008224bc50,0x0000000085380000)
 Metaspace       used 57008K, capacity 59040K, committed 59160K, reserved 1099776K
  class space    used 7826K, capacity 8293K, committed 8368K, reserved 1048576K
}
Event: 16.230 GC heap before
{Heap before GC invocations=15 (full 3):
 PSYoungGen      total 153088K, used 1831K [0x00000000d5580000, 0x00000000dff80000, 0x0000000100000000)
  eden space 140800K, 0% used [0x00000000d5580000,0x00000000d5580000,0x00000000ddf00000)
  from space 12288K, 14% used [0x00000000df380000,0x00000000df549ca8,0x00000000dff80000)
  to   space 14336K, 0% used [0x00000000de380000,0x00000000de380000,0x00000000df180000)
 ParOldGen       total 85504K, used 35119K [0x0000000080000000, 0x0000000085380000, 0x00000000d5580000)
  object space 85504K, 41% used [0x0000000080000000,0x000000008224bc50,0x0000000085380000)
 Metaspace       used 57008K, capacity 59040K, committed 59160K, reserved 1099776K
  class space    used 7826K, capacity 8293K, committed 8368K, reserved 1048576K
Event: 16.667 GC heap after
Heap after GC invocations=15 (full 3):
 PSYoungGen      total 153088K, used 0K [0x00000000d5580000, 0x00000000dff80000, 0x0000000100000000)
  eden space 140800K, 0% used [0x00000000d5580000,0x00000000d5580000,0x00000000ddf00000)
  from space 12288K, 0% used [0x00000000df380000,0x00000000df380000,0x00000000dff80000)
  to   space 14336K, 0% used [0x00000000de380000,0x00000000de380000,0x00000000df180000)
 ParOldGen       total 85504K, used 29303K [0x0000000080000000, 0x0000000085380000, 0x00000000d5580000)
  object space 85504K, 34% used [0x0000000080000000,0x0000000081c9dcd8,0x0000000085380000)
 Metaspace       used 56976K, capacity 58932K, committed 59160K, reserved 1099776K
  class space    used 7816K, capacity 8275K, committed 8368K, reserved 1048576K
}

