# JRE version: OpenJDK Runtime Environment (11.0.8+10) (build 11.0.8+10-b944.6842174)
# Java VM: OpenJDK 64-Bit Server VM (11.0.8+10-b944.6842174, mixed mode, tiered, compressed oops, g1 gc, windows-amd64)
Heap:
 garbage-first heap   total 273408K, used 199817K [0x0000000080000000, 0x0000000100000000)
  region size 1024K, 100 young (102400K), 8 survivors (8192K)
 Metaspace       used 82629K, capacity 84825K, committed 85148K, reserved 1122304K
  class space    used 10675K, capacity 11483K, committed 11596K, reserved 1048576K
GC Heap History (20 events):
Event: 19.815 GC heap before
{Heap before GC invocations=26 (full 0):
 garbage-first heap   total 189440K, used 152041K [0x0000000080000000, 0x0000000100000000)
  region size 1024K, 53 young (54272K), 3 survivors (3072K)
 Metaspace       used 80646K, capacity 82705K, committed 83228K, reserved 1122304K
  class space    used 10527K, capacity 11267K, committed 11468K, reserved 1048576K
}
Event: 19.824 GC heap after
{Heap after GC invocations=27 (full 0):
 garbage-first heap   total 189440K, used 101518K [0x0000000080000000, 0x0000000100000000)
  region size 1024K, 4 young (4096K), 4 survivors (4096K)
 Metaspace       used 80646K, capacity 82705K, committed 83228K, reserved 1122304K
  class space    used 10527K, capacity 11267K, committed 11468K, reserved 1048576K
}
Event: 20.035 GC heap before
{Heap before GC invocations=27 (full 0):
 garbage-first heap   total 189440K, used 153742K [0x0000000080000000, 0x0000000100000000)
  region size 1024K, 55 young (56320K), 4 survivors (4096K)
 Metaspace       used 80649K, capacity 82705K, committed 83228K, reserved 1122304K
  class space    used 10527K, capacity 11267K, committed 11468K, reserved 1048576K
}
Event: 20.045 GC heap after
{Heap after GC invocations=28 (full 0):
 garbage-first heap   total 189440K, used 101841K [0x0000000080000000, 0x0000000100000000)
  region size 1024K, 4 young (4096K), 4 survivors (4096K)
 Metaspace       used 80649K, capacity 82705K, committed 83228K, reserved 1122304K
  class space    used 10527K, capacity 11267K, committed 11468K, reserved 1048576K
}
Event: 20.501 GC heap before
{Heap before GC invocations=29 (full 0):
 garbage-first heap   total 189440K, used 155089K [0x0000000080000000, 0x0000000100000000)
  region size 1024K, 56 young (57344K), 4 survivors (4096K)
 Metaspace       used 80653K, capacity 82705K, committed 83228K, reserved 1122304K
  class space    used 10527K, capacity 11267K, committed 11468K, reserved 1048576K
}
Event: 20.516 GC heap after
{Heap after GC invocations=30 (full 0):
 garbage-first heap   total 227328K, used 101726K [0x0000000080000000, 0x0000000100000000)
  region size 1024K, 3 young (3072K), 3 survivors (3072K)
 Metaspace       used 80653K, capacity 82705K, committed 83228K, reserved 1122304K
  class space    used 10527K, capacity 11267K, committed 11468K, reserved 1048576K
}
Event: 20.867 GC heap before
{Heap before GC invocations=30 (full 0):
 garbage-first heap   total 227328K, used 175454K [0x0000000080000000, 0x0000000100000000)
  region size 1024K, 75 young (76800K), 3 survivors (3072K)
 Metaspace       used 80745K, capacity 82786K, committed 83228K, reserved 1122304K
  class space    used 10531K, capacity 11271K, committed 11468K, reserved 1048576K
}
Event: 20.873 GC heap after
{Heap after GC invocations=31 (full 0):
 garbage-first heap   total 227328K, used 101857K [0x0000000080000000, 0x0000000100000000)
  region size 1024K, 3 young (3072K), 3 survivors (3072K)
 Metaspace       used 80745K, capacity 82786K, committed 83228K, reserved 1122304K
  class space    used 10531K, capacity 11271K, committed 11468K, reserved 1048576K
}
Event: 21.179 GC heap before
{Heap before GC invocations=31 (full 0):
 garbage-first heap   total 227328K, used 179681K [0x0000000080000000, 0x0000000100000000)
  region size 1024K, 79 young (80896K), 3 survivors (3072K)
 Metaspace       used 80890K, capacity 82921K, committed 83484K, reserved 1122304K
  class space    used 10534K, capacity 11272K, committed 11468K, reserved 1048576K
}
Event: 21.186 GC heap after
{Heap after GC invocations=32 (full 0):
 garbage-first heap   total 227328K, used 102858K [0x0000000080000000, 0x0000000100000000)
  region size 1024K, 4 young (4096K), 4 survivors (4096K)
 Metaspace       used 80890K, capacity 82921K, committed 83484K, reserved 1122304K
  class space    used 10534K, capacity 11272K, committed 11468K, reserved 1048576K
}
Event: 21.459 GC heap before
{Heap before GC invocations=32 (full 0):
 garbage-first heap   total 227328K, used 181706K [0x0000000080000000, 0x0000000100000000)
  region size 1024K, 82 young (83968K), 4 survivors (4096K)
 Metaspace       used 81135K, capacity 83249K, committed 83740K, reserved 1122304K
  class space    used 10534K, capacity 11272K, committed 11468K, reserved 1048576K
}
Event: 21.468 GC heap after
{Heap after GC invocations=33 (full 0):
 garbage-first heap   total 227328K, used 104591K [0x0000000080000000, 0x0000000100000000)
  region size 1024K, 6 young (6144K), 6 survivors (6144K)
 Metaspace       used 81135K, capacity 83249K, committed 83740K, reserved 1122304K
  class space    used 10534K, capacity 11272K, committed 11468K, reserved 1048576K
}
Event: 21.733 GC heap before
{Heap before GC invocations=33 (full 0):
 garbage-first heap   total 227328K, used 185487K [0x0000000080000000, 0x0000000100000000)
  region size 1024K, 85 young (87040K), 6 survivors (6144K)
 Metaspace       used 81267K, capacity 83383K, committed 83740K, reserved 1122304K
  class space    used 10534K, capacity 11272K, committed 11468K, reserved 1048576K
}
Event: 21.740 GC heap after
{Heap after GC invocations=34 (full 0):
 garbage-first heap   total 227328K, used 103982K [0x0000000080000000, 0x0000000100000000)
  region size 1024K, 5 young (5120K), 5 survivors (5120K)
 Metaspace       used 81267K, capacity 83383K, committed 83740K, reserved 1122304K
  class space    used 10534K, capacity 11272K, committed 11468K, reserved 1048576K
}
Event: 22.007 GC heap before
{Heap before GC invocations=34 (full 0):
 garbage-first heap   total 227328K, used 189998K [0x0000000080000000, 0x0000000100000000)
  region size 1024K, 89 young (91136K), 5 survivors (5120K)
 Metaspace       used 81356K, capacity 83470K, committed 83996K, reserved 1122304K
  class space    used 10536K, capacity 11276K, committed 11468K, reserved 1048576K
}
Event: 22.020 GC heap after
{Heap after GC invocations=35 (full 0):
 garbage-first heap   total 273408K, used 104656K [0x0000000080000000, 0x0000000100000000)
  region size 1024K, 6 young (6144K), 6 survivors (6144K)
 Metaspace       used 81356K, capacity 83470K, committed 83996K, reserved 1122304K
  class space    used 10536K, capacity 11276K, committed 11468K, reserved 1048576K
}
Event: 22.463 GC heap before
{Heap before GC invocations=35 (full 0):
 garbage-first heap   total 273408K, used 218320K [0x0000000080000000, 0x0000000100000000)
  region size 1024K, 117 young (119808K), 6 survivors (6144K)
 Metaspace       used 82099K, capacity 84224K, committed 84508K, reserved 1122304K
  class space    used 10618K, capacity 11372K, committed 11468K, reserved 1048576K
}
Event: 22.475 GC heap after
{Heap after GC invocations=36 (full 0):
 garbage-first heap   total 273408K, used 105993K [0x0000000080000000, 0x0000000100000000)
  region size 1024K, 7 young (7168K), 7 survivors (7168K)
 Metaspace       used 82099K, capacity 84224K, committed 84508K, reserved 1122304K
  class space    used 10618K, capacity 11372K, committed 11468K, reserved 1048576K
}
Event: 22.956 GC heap before
{Heap before GC invocations=36 (full 0):
 garbage-first heap   total 273408K, used 229897K [0x0000000080000000, 0x0000000100000000)
  region size 1024K, 129 young (132096K), 7 survivors (7168K)
 Metaspace       used 82596K, capacity 84729K, committed 84892K, reserved 1122304K
  class space    used 10671K, capacity 11451K, committed 11596K, reserved 1048576K
}
Event: 22.968 GC heap after
{Heap after GC invocations=37 (full 0):
 garbage-first heap   total 273408K, used 106633K [0x0000000080000000, 0x0000000100000000)
  region size 1024K, 8 young (8192K), 8 survivors (8192K)
 Metaspace       used 82596K, capacity 84729K, committed 84892K, reserved 1122304K
  class space    used 10671K, capacity 11451K, committed 11596K, reserved 1048576K
}

